<?xml version="1.0" encoding="UTF-8"?>
<!-- Generated by org.testng.reporters.JUnitXMLReporter -->
<testsuite ignored="0" hostname="RAHUL-SANDIP" failures="1" tests="10" name="Test" time="158.275" errors="0" timestamp="2022-08-26T21:27:48 IST">
  <testcase classname="test.ZerodaHomePageTest" name="@AfterMethod PostExecution" time="0.001">
    <failure type="java.lang.NullPointerException">
      <![CDATA[java.lang.NullPointerException
at utility.Reports.PostExcution(Reports.java:43)
at test.ZerodaHomePageTest.PostExecution(ZerodaHomePageTest.java:42)
at java.base/java.util.ArrayList.forEach(ArrayList.java:1541)
at java.base/java.util.concurrent.FutureTask.run(FutureTask.java:264)
at java.base/java.util.concurrent.ThreadPoolExecutor.runWorker(ThreadPoolExecutor.java:1128)
at java.base/java.util.concurrent.ThreadPoolExecutor$Worker.run(ThreadPoolExecutor.java:628)
at java.base/java.lang.Thread.run(Thread.java:834)
... Removed 23 stack frames]]>
    </failure>
  </testcase> <!-- @AfterMethod PostExecution -->
  <testcase classname="test.ZerodaHomePageTest" name="@BeforeMethod launchBrowser" time="-1.66152946746E9">
    <skipped/>
  </testcase> <!-- @BeforeMethod launchBrowser -->
  <testcase classname="test.ZerodaHomePageTest" name="@AfterMethod ClosedtheLaunchBrowser" time="-1.661529467472E9">
    <skipped/>
  </testcase> <!-- @AfterMethod ClosedtheLaunchBrowser -->
  <testcase classname="test.ZerodaHomePageTest" name="@AfterMethod PostExecution" time="-1.661529467474E9">
    <skipped/>
  </testcase> <!-- @AfterMethod PostExecution -->
  <testcase classname="test.ZerodaHomePageTest" name="@BeforeMethod launchBrowser" time="-1.661529467476E9">
    <skipped/>
  </testcase> <!-- @BeforeMethod launchBrowser -->
  <testcase classname="test.ZerodaHomePageTest" name="@AfterMethod ClosedtheLaunchBrowser" time="-1.661529467483E9">
    <skipped/>
  </testcase> <!-- @AfterMethod ClosedtheLaunchBrowser -->
  <testcase classname="test.ZerodaHomePageTest" name="@AfterMethod PostExecution" time="-1.661529467487E9">
    <skipped/>
  </testcase> <!-- @AfterMethod PostExecution -->
  <testcase classname="test.ZerodaHomePageTest" name="@BeforeMethod launchBrowser" time="-1.661529467493E9">
    <skipped/>
  </testcase> <!-- @BeforeMethod launchBrowser -->
  <testcase classname="test.ZerodaHomePageTest" name="@AfterMethod ClosedtheLaunchBrowser" time="-1.661529467506E9">
    <skipped/>
  </testcase> <!-- @AfterMethod ClosedtheLaunchBrowser -->
  <testcase classname="test.ZerodaHomePageTest" name="@AfterMethod PostExecution" time="-1.661529467515E9">
    <skipped/>
  </testcase> <!-- @AfterMethod PostExecution -->
  <testcase classname="test.ZerodaLoginPageTest" name="LoginWithValidCredentials" time="2.682"/>
  <testcase classname="test.WatchlistTest" name="SearchStock" time="0.077">
    <failure type="org.openqa.selenium.NoSuchElementException" message="no such element: Unable to locate element: {&amp;quot;method&amp;quot;:&amp;quot;xpath&amp;quot;,&amp;quot;selector&amp;quot;:&amp;quot;//input[@icon=&amp;apos;search&amp;apos;]&amp;quot;}
  (Session info: chrome=104.0.5112.102)
For documentation on this error, please visit: https://selenium.dev/exceptions/#no_such_element
Build info: version: &amp;apos;4.3.0&amp;apos;, revision: &amp;apos;a4995e2c09*&amp;apos;
System info: host: &amp;apos;RAHUL-SANDIP&amp;apos;, ip: &amp;apos;192.168.43.181&amp;apos;, os.name: &amp;apos;Windows 10&amp;apos;, os.arch: &amp;apos;amd64&amp;apos;, os.version: &amp;apos;10.0&amp;apos;, java.version: &amp;apos;11.0.12&amp;apos;
Driver info: org.openqa.selenium.chrome.ChromeDriver
Command: [116ca53da412bbb4fe86ce19620e5ffa, findElement {using=xpath, value=//input[@icon=&amp;apos;search&amp;apos;]}]
Capabilities {acceptInsecureCerts: false, browserName: chrome, browserVersion: 104.0.5112.102, chrome: {chromedriverVersion: 104.0.5112.79 (3cf3e8c8a07d..., userDataDir: C:\Users\MYLENO~1\AppData\L...}, goog:chromeOptions: {debuggerAddress: localhost:58188}, networkConnectionEnabled: false, pageLoadStrategy: normal, platformName: WINDOWS, proxy: Proxy(), se:cdp: ws://localhost:58188/devtoo..., se:cdpVersion: 104.0.5112.102, setWindowRect: true, strictFileInteractability: false, timeouts: {implicit: 0, pageLoad: 300000, script: 30000}, unhandledPromptBehavior: dismiss and notify, webauthn:extension:credBlob: true, webauthn:extension:largeBlob: true, webauthn:virtualAuthenticators: true}
Session ID: 116ca53da412bbb4fe86ce19620e5ffa">
      <![CDATA[org.openqa.selenium.NoSuchElementException: no such element: Unable to locate element: {"method":"xpath","selector":"//input[@icon='search']"}
  (Session info: chrome=104.0.5112.102)
For documentation on this error, please visit: https://selenium.dev/exceptions/#no_such_element
Build info: version: '4.3.0', revision: 'a4995e2c09*'
System info: host: 'RAHUL-SANDIP', ip: '192.168.43.181', os.name: 'Windows 10', os.arch: 'amd64', os.version: '10.0', java.version: '11.0.12'
Driver info: org.openqa.selenium.chrome.ChromeDriver
Command: [116ca53da412bbb4fe86ce19620e5ffa, findElement {using=xpath, value=//input[@icon='search']}]
Capabilities {acceptInsecureCerts: false, browserName: chrome, browserVersion: 104.0.5112.102, chrome: {chromedriverVersion: 104.0.5112.79 (3cf3e8c8a07d..., userDataDir: C:\Users\MYLENO~1\AppData\L...}, goog:chromeOptions: {debuggerAddress: localhost:58188}, networkConnectionEnabled: false, pageLoadStrategy: normal, platformName: WINDOWS, proxy: Proxy(), se:cdp: ws://localhost:58188/devtoo..., se:cdpVersion: 104.0.5112.102, setWindowRect: true, strictFileInteractability: false, timeouts: {implicit: 0, pageLoad: 300000, script: 30000}, unhandledPromptBehavior: dismiss and notify, webauthn:extension:credBlob: true, webauthn:extension:largeBlob: true, webauthn:virtualAuthenticators: true}
Session ID: 116ca53da412bbb4fe86ce19620e5ffa
at org.openqa.selenium.remote.codec.w3c.W3CHttpResponseCodec.createException(W3CHttpResponseCodec.java:200)
at org.openqa.selenium.remote.codec.w3c.W3CHttpResponseCodec.decode(W3CHttpResponseCodec.java:133)
at org.openqa.selenium.remote.codec.w3c.W3CHttpResponseCodec.decode(W3CHttpResponseCodec.java:53)
at org.openqa.selenium.remote.HttpCommandExecutor.execute(HttpCommandExecutor.java:184)
at org.openqa.selenium.remote.service.DriverCommandExecutor.invokeExecute(DriverCommandExecutor.java:167)
at org.openqa.selenium.remote.service.DriverCommandExecutor.execute(DriverCommandExecutor.java:142)
at org.openqa.selenium.remote.RemoteWebDriver.execute(RemoteWebDriver.java:569)
at org.openqa.selenium.remote.ElementLocation$ElementFinder$2.findElement(ElementLocation.java:162)
at org.openqa.selenium.remote.ElementLocation.findElement(ElementLocation.java:60)
at org.openqa.selenium.remote.RemoteWebDriver.findElement(RemoteWebDriver.java:387)
at org.openqa.selenium.remote.RemoteWebDriver.findElement(RemoteWebDriver.java:379)
at org.openqa.selenium.support.pagefactory.DefaultElementLocator.findElement(DefaultElementLocator.java:70)
at org.openqa.selenium.support.pagefactory.internal.LocatingElementHandler.invoke(LocatingElementHandler.java:39)
at com.sun.proxy.$Proxy23.sendKeys(Unknown Source)
at pom.WatchList.searchstock(WatchList.java:48)
at test.WatchlistTest.SearchStock(WatchlistTest.java:50)
at java.base/java.util.ArrayList.forEach(ArrayList.java:1541)
at java.base/java.util.concurrent.FutureTask.run(FutureTask.java:264)
at java.base/java.util.concurrent.ThreadPoolExecutor.runWorker(ThreadPoolExecutor.java:1128)
at java.base/java.util.concurrent.ThreadPoolExecutor$Worker.run(ThreadPoolExecutor.java:628)
at java.base/java.lang.Thread.run(Thread.java:834)
... Removed 22 stack frames]]>
    </failure>
  </testcase> <!-- SearchStock -->
  <testcase classname="test.WatchlistTest" name="SearchStockFromWatchlistAndBuy" time="0.035"/>
  <testcase classname="test.ZerodaLoginPageTest" name="SignUpNow" time="2.847"/>
  <testcase classname="test.WatchlistTest" name="WatchListTable" time="6.778"/>
  <testcase classname="test.ZerodaLoginPageTest" name="forgetAccount" time="3.517"/>
  <testcase classname="test.ZerodaHomePageTest" name="searchStockAndClickOnChart" time="6.776"/>
  <testcase classname="test.ZerodaHomePageTest" name="serachStockAndClickOnBuyWithRegularMISMarketOrder" time="0.0">
    <skipped/>
  </testcase> <!-- serachStockAndClickOnBuyWithRegularMISMarketOrder -->
  <testcase classname="test.ZerodaHomePageTest" name="serachStockAndClickOnBuyWithRegularCNCMarketOrder" time="0.0">
    <skipped/>
  </testcase> <!-- serachStockAndClickOnBuyWithRegularCNCMarketOrder -->
  <testcase classname="test.ZerodaHomePageTest" name="serachStockAndClickOnSell" time="0.0">
    <skipped/>
  </testcase> <!-- serachStockAndClickOnSell -->
</testsuite> <!-- Test -->
